-------------------------------------------------------------------------------
Test set: controllers.PersistenceTest
-------------------------------------------------------------------------------
Tests run: 1, Failures: 1, Errors: 0, Skipped: 0, Time elapsed: 0.002 s <<< FAILURE! - in controllers.PersistenceTest
testPopulate  Time elapsed: 0.001 s  <<< FAILURE!
org.opentest4j.AssertionFailedError: expected: <4> but was: <0>
	at controllers.PersistenceTest.testPopulate(PersistenceTest.java:62)

